mode: set
telegram-deepseek-bot/internal/config/config.go:35.27,37.16 2 1
telegram-deepseek-bot/internal/config/config.go:37.16,39.3 1 1
telegram-deepseek-bot/internal/config/config.go:41.2,60.3 1 1
telegram-deepseek-bot/internal/config/config.go:63.42,64.40 1 1
telegram-deepseek-bot/internal/config/config.go:64.40,66.3 1 1
telegram-deepseek-bot/internal/config/config.go:67.2,67.17 1 1
telegram-deepseek-bot/internal/config/config.go:70.48,72.54 2 1
telegram-deepseek-bot/internal/config/config.go:72.54,74.3 1 1
telegram-deepseek-bot/internal/config/config.go:75.2,75.17 1 1
telegram-deepseek-bot/internal/config/config.go:78.58,80.64 2 1
telegram-deepseek-bot/internal/config/config.go:80.64,82.3 1 1
telegram-deepseek-bot/internal/config/config.go:83.2,83.17 1 1
telegram-deepseek-bot/internal/config/config.go:86.61,88.20 2 1
telegram-deepseek-bot/internal/config/config.go:88.20,90.3 1 1
telegram-deepseek-bot/internal/config/config.go:92.2,93.49 2 1
telegram-deepseek-bot/internal/config/config.go:93.49,94.75 1 1
telegram-deepseek-bot/internal/config/config.go:94.75,96.4 1 1
telegram-deepseek-bot/internal/config/config.go:98.2,98.15 1 1
telegram-deepseek-bot/internal/logger/logger.go:20.38,22.15 2 1
telegram-deepseek-bot/internal/logger/logger.go:23.15,24.12 1 1
telegram-deepseek-bot/internal/logger/logger.go:25.14,26.11 1 1
telegram-deepseek-bot/internal/logger/logger.go:27.15,28.12 1 1
telegram-deepseek-bot/internal/logger/logger.go:29.10,30.11 1 1
telegram-deepseek-bot/internal/logger/logger.go:32.2,32.26 1 1
telegram-deepseek-bot/internal/logger/logger.go:35.42,36.22 1 1
telegram-deepseek-bot/internal/logger/logger.go:36.22,38.3 1 1
telegram-deepseek-bot/internal/logger/logger.go:41.41,42.21 1 1
telegram-deepseek-bot/internal/logger/logger.go:42.21,44.3 1 1
telegram-deepseek-bot/internal/logger/logger.go:47.41,48.21 1 1
telegram-deepseek-bot/internal/logger/logger.go:48.21,50.3 1 1
telegram-deepseek-bot/internal/logger/logger.go:53.42,54.22 1 1
telegram-deepseek-bot/internal/logger/logger.go:54.22,56.3 1 1
telegram-deepseek-bot/internal/storage/conversations.go:21.61,26.9 4 1
telegram-deepseek-bot/internal/storage/conversations.go:26.9,31.3 2 1
telegram-deepseek-bot/internal/storage/conversations.go:32.2,32.23 1 1
telegram-deepseek-bot/internal/storage/conversations.go:35.53,40.9 4 1
telegram-deepseek-bot/internal/storage/conversations.go:40.9,42.3 1 1
telegram-deepseek-bot/internal/storage/conversations.go:43.2,43.20 1 1
telegram-deepseek-bot/internal/storage/conversations.go:53.52,58.2 1 1
telegram-deepseek-bot/internal/storage/conversations.go:60.72,65.9 4 1
telegram-deepseek-bot/internal/storage/conversations.go:65.9,70.3 2 1
telegram-deepseek-bot/internal/storage/conversations.go:72.2,77.28 2 1
telegram-deepseek-bot/internal/storage/conversations.go:80.76,85.9 4 1
telegram-deepseek-bot/internal/storage/conversations.go:85.9,87.3 1 1
telegram-deepseek-bot/internal/storage/conversations.go:88.2,88.22 1 1
telegram-deepseek-bot/internal/storage/conversations.go:88.22,90.3 1 1
telegram-deepseek-bot/internal/storage/conversations.go:91.2,91.19 1 1
telegram-deepseek-bot/internal/storage/conversations.go:94.62,99.9 4 1
telegram-deepseek-bot/internal/storage/conversations.go:99.9,104.3 2 1
telegram-deepseek-bot/internal/storage/conversations.go:105.2,106.28 2 1
telegram-deepseek-bot/internal/storage/conversations.go:109.61,114.9 4 1
telegram-deepseek-bot/internal/storage/conversations.go:114.9,116.3 1 1
telegram-deepseek-bot/internal/storage/conversations.go:118.2,118.22 1 1
telegram-deepseek-bot/internal/storage/conversations.go:121.45,125.2 3 1
telegram-deepseek-bot/internal/storage/conversations.go:127.35,132.40 4 1
telegram-deepseek-bot/internal/storage/conversations.go:132.40,133.37 1 1
telegram-deepseek-bot/internal/storage/conversations.go:133.37,135.4 1 1
telegram-deepseek-bot/internal/telegram/bot.go:29.141,33.30 3 0
telegram-deepseek-bot/internal/telegram/bot.go:33.30,35.17 2 0
telegram-deepseek-bot/internal/telegram/bot.go:35.17,37.4 1 0
telegram-deepseek-bot/internal/telegram/bot.go:38.3,38.95 1 0
telegram-deepseek-bot/internal/telegram/bot.go:39.8,41.3 1 0
telegram-deepseek-bot/internal/telegram/bot.go:43.2,43.16 1 0
telegram-deepseek-bot/internal/telegram/bot.go:43.16,45.3 1 0
telegram-deepseek-bot/internal/telegram/bot.go:47.2,54.8 1 0
telegram-deepseek-bot/internal/telegram/bot.go:57.23,64.30 5 0
telegram-deepseek-bot/internal/telegram/bot.go:64.30,65.28 1 0
telegram-deepseek-bot/internal/telegram/bot.go:65.28,66.12 1 0
telegram-deepseek-bot/internal/telegram/bot.go:69.3,69.35 1 0
telegram-deepseek-bot/internal/telegram/bot.go:69.35,71.12 2 0
telegram-deepseek-bot/internal/telegram/bot.go:74.3,74.34 1 0
telegram-deepseek-bot/internal/telegram/bot.go:78.53,79.36 1 0
telegram-deepseek-bot/internal/telegram/bot.go:79.36,81.3 1 0
telegram-deepseek-bot/internal/telegram/bot.go:83.2,83.42 1 0
telegram-deepseek-bot/internal/telegram/bot.go:83.42,84.24 1 0
telegram-deepseek-bot/internal/telegram/bot.go:84.24,86.4 1 0
telegram-deepseek-bot/internal/telegram/bot.go:88.2,88.14 1 0
telegram-deepseek-bot/internal/telegram/bot.go:91.52,95.39 3 0
telegram-deepseek-bot/internal/telegram/bot.go:95.39,98.3 2 0
telegram-deepseek-bot/internal/telegram/bot.go:100.2,100.38 1 0
telegram-deepseek-bot/internal/telegram/bot.go:100.38,103.3 2 0
telegram-deepseek-bot/internal/telegram/bot.go:105.2,105.39 1 0
telegram-deepseek-bot/internal/telegram/bot.go:105.39,109.3 3 0
telegram-deepseek-bot/internal/telegram/bot.go:111.2,111.39 1 0
telegram-deepseek-bot/internal/telegram/bot.go:111.39,114.3 2 0
telegram-deepseek-bot/internal/telegram/bot.go:116.2,116.39 1 0
telegram-deepseek-bot/internal/telegram/bot.go:116.39,119.3 2 0
telegram-deepseek-bot/internal/telegram/bot.go:121.2,121.38 1 0
telegram-deepseek-bot/internal/telegram/bot.go:121.38,124.3 2 0
telegram-deepseek-bot/internal/telegram/bot.go:126.2,126.38 1 0
telegram-deepseek-bot/internal/telegram/bot.go:126.38,130.3 3 0
telegram-deepseek-bot/internal/telegram/bot.go:132.2,132.39 1 0
telegram-deepseek-bot/internal/telegram/bot.go:132.39,136.3 3 0
telegram-deepseek-bot/internal/telegram/bot.go:138.2,138.41 1 0
telegram-deepseek-bot/internal/telegram/bot.go:138.41,142.3 3 0
telegram-deepseek-bot/internal/telegram/bot.go:144.2,144.42 1 0
telegram-deepseek-bot/internal/telegram/bot.go:144.42,148.3 3 0
telegram-deepseek-bot/internal/telegram/bot.go:150.2,150.39 1 0
telegram-deepseek-bot/internal/telegram/bot.go:150.39,154.3 3 0
telegram-deepseek-bot/internal/telegram/bot.go:156.2,156.39 1 0
telegram-deepseek-bot/internal/telegram/bot.go:156.39,160.3 3 0
telegram-deepseek-bot/internal/telegram/bot.go:163.2,163.39 1 0
telegram-deepseek-bot/internal/telegram/bot.go:163.39,167.3 3 0
telegram-deepseek-bot/internal/telegram/bot.go:170.2,170.28 1 0
telegram-deepseek-bot/internal/telegram/bot.go:173.54,176.2 2 0
telegram-deepseek-bot/internal/telegram/bot.go:178.68,183.12 3 0
telegram-deepseek-bot/internal/telegram/bot.go:183.12,194.17 7 0
telegram-deepseek-bot/internal/telegram/bot.go:194.17,198.4 2 0
telegram-deepseek-bot/internal/telegram/bot.go:198.9,201.20 2 0
telegram-deepseek-bot/internal/telegram/bot.go:201.20,203.5 1 0
telegram-deepseek-bot/internal/telegram/bot.go:203.10,205.5 1 0
telegram-deepseek-bot/internal/telegram/bot.go:210.58,212.25 2 0
telegram-deepseek-bot/internal/telegram/bot.go:212.25,215.3 2 0
telegram-deepseek-bot/internal/telegram/bot.go:217.2,218.29 2 0
telegram-deepseek-bot/internal/telegram/bot.go:218.29,220.3 1 0
telegram-deepseek-bot/internal/telegram/bot.go:223.53,227.42 3 1
telegram-deepseek-bot/internal/telegram/bot.go:227.42,229.23 2 1
telegram-deepseek-bot/internal/telegram/bot.go:229.23,231.4 1 1
telegram-deepseek-bot/internal/telegram/bot.go:232.3,232.46 1 1
telegram-deepseek-bot/internal/telegram/bot.go:234.2,234.14 1 1
telegram-deepseek-bot/internal/telegram/bot.go:237.83,239.38 2 0
telegram-deepseek-bot/internal/telegram/bot.go:239.38,241.3 1 0
telegram-deepseek-bot/internal/telegram/bot.go:243.2,244.16 2 0
telegram-deepseek-bot/internal/telegram/bot.go:244.16,246.3 1 0
telegram-deepseek-bot/internal/telegram/bot.go:248.2,251.8 1 0
telegram-deepseek-bot/internal/telegram/bot.go:254.38,269.2 2 0
telegram-deepseek-bot/internal/telegram/file_handlers.go:9.79,11.16 2 0
telegram-deepseek-bot/internal/telegram/file_handlers.go:11.16,14.3 2 0
telegram-deepseek-bot/internal/telegram/file_handlers.go:16.2,17.16 2 0
telegram-deepseek-bot/internal/telegram/file_handlers.go:18.16,19.106 1 0
telegram-deepseek-bot/internal/telegram/file_handlers.go:20.17,21.96 1 0
telegram-deepseek-bot/internal/telegram/file_handlers.go:22.14,23.106 1 0
telegram-deepseek-bot/internal/telegram/file_handlers.go:24.14,25.108 1 0
telegram-deepseek-bot/internal/telegram/file_handlers.go:26.10,28.9 2 0
telegram-deepseek-bot/internal/telegram/file_handlers.go:31.2,44.16 4 0
telegram-deepseek-bot/internal/telegram/file_handlers.go:44.16,48.3 3 0
telegram-deepseek-bot/internal/telegram/file_handlers.go:50.2,50.28 1 0
telegram-deepseek-bot/internal/telegram/file_handlers.go:50.28,53.3 2 0
telegram-deepseek-bot/internal/telegram/file_handlers.go:55.2,55.56 1 0
telegram-deepseek-bot/internal/telegram/handlers.go:9.55,19.28 5 0
telegram-deepseek-bot/internal/telegram/handlers.go:19.28,24.3 1 0
telegram-deepseek-bot/internal/telegram/handlers.go:27.2,37.16 4 0
telegram-deepseek-bot/internal/telegram/handlers.go:37.16,41.3 3 0
telegram-deepseek-bot/internal/telegram/handlers.go:43.2,43.28 1 0
telegram-deepseek-bot/internal/telegram/handlers.go:43.28,46.3 2 0
telegram-deepseek-bot/internal/telegram/handlers.go:49.2,57.31 5 0
telegram-deepseek-bot/internal/telegram/mode_handlers.go:10.53,12.20 2 0
telegram-deepseek-bot/internal/telegram/mode_handlers.go:12.20,15.3 2 0
telegram-deepseek-bot/internal/telegram/mode_handlers.go:17.2,18.15 2 0
telegram-deepseek-bot/internal/telegram/mode_handlers.go:19.35,21.86 2 0
telegram-deepseek-bot/internal/telegram/mode_handlers.go:22.10,23.107 1 0
telegram-deepseek-bot/internal/telegram/mode_handlers.go:27.55,33.28 4 0
telegram-deepseek-bot/internal/telegram/mode_handlers.go:33.28,38.3 1 0
telegram-deepseek-bot/internal/telegram/mode_handlers.go:40.2,50.16 4 0
telegram-deepseek-bot/internal/telegram/mode_handlers.go:50.16,54.3 3 0
telegram-deepseek-bot/internal/telegram/mode_handlers.go:56.2,56.28 1 0
telegram-deepseek-bot/internal/telegram/mode_handlers.go:56.28,59.3 2 0
telegram-deepseek-bot/internal/telegram/mode_handlers.go:61.2,63.31 3 0
telegram-deepseek-bot/internal/telegram/state_handlers.go:7.41,10.2 2 0
telegram-deepseek-bot/internal/telegram/state_handlers.go:12.41,14.23 2 0
telegram-deepseek-bot/internal/telegram/state_handlers.go:14.23,17.3 2 0
telegram-deepseek-bot/internal/telegram/state_handlers.go:20.2,21.42 2 0
telegram-deepseek-bot/internal/telegram/state_handlers.go:21.42,22.33 1 0
telegram-deepseek-bot/internal/telegram/state_handlers.go:22.33,24.9 2 0
telegram-deepseek-bot/internal/telegram/state_handlers.go:28.2,28.23 1 0
telegram-deepseek-bot/internal/telegram/state_handlers.go:28.23,31.3 2 0
telegram-deepseek-bot/internal/telegram/state_handlers.go:33.2,34.35 2 0
telegram-deepseek-bot/internal/deepseek/client.go:45.81,51.2 1 1
telegram-deepseek-bot/internal/deepseek/client.go:53.74,54.16 1 1
telegram-deepseek-bot/internal/deepseek/client.go:54.16,56.3 1 1
telegram-deepseek-bot/internal/deepseek/client.go:58.2,59.38 2 1
telegram-deepseek-bot/internal/deepseek/client.go:59.38,61.3 1 0
telegram-deepseek-bot/internal/deepseek/client.go:63.2,64.16 2 1
telegram-deepseek-bot/internal/deepseek/client.go:64.16,67.3 2 0
telegram-deepseek-bot/internal/deepseek/client.go:69.2,72.3 1 1
telegram-deepseek-bot/internal/deepseek/client.go:75.63,77.16 2 1
telegram-deepseek-bot/internal/deepseek/client.go:77.16,79.3 1 0
telegram-deepseek-bot/internal/deepseek/client.go:81.2,82.16 2 1
telegram-deepseek-bot/internal/deepseek/client.go:82.16,84.3 1 0
telegram-deepseek-bot/internal/deepseek/client.go:86.2,90.16 4 1
telegram-deepseek-bot/internal/deepseek/client.go:90.16,92.3 1 1
telegram-deepseek-bot/internal/deepseek/client.go:93.2,95.38 2 1
telegram-deepseek-bot/internal/deepseek/client.go:95.38,97.3 1 1
telegram-deepseek-bot/internal/deepseek/client.go:99.2,100.69 2 1
telegram-deepseek-bot/internal/deepseek/client.go:100.69,102.3 1 1
telegram-deepseek-bot/internal/deepseek/client.go:104.2,104.23 1 1
